<?xml version="1.0" encoding="UTF-8"?>
<robot generator="Robot 3.1.2 (Python 3.9.5 on win32)" generated="20210613 17:51:13.703" rpa="false">
<suite id="s1" name="openAPPTestCase1" source="C:\Users\cushn\PycharmProjects\Testproject\Tests\openAPPTestCase1.robot">
<test id="s1-t1" name="open_application">
<kw name="Open Application" library="AppiumLibrary">
<doc>Opens a new application to given Appium server.
Capabilities of appium server, Android and iOS,
Please check https://github.com/appium/appium/blob/master/docs/en/writing-running-appium/server-args.md
| *Option*            | *Man.* | *Description*     |
| remote_url          | Yes    | Appium server url |
| alias               | no     | alias             |</doc>
<arguments>
<arg>http://localhost:4723/wd/hub</arg>
<arg>platformName=Android</arg>
<arg>deviceName=emulator-5554</arg>
<arg>appPackage=chat21.android.demo</arg>
<arg>appActivity=chat21.android.demo.SplashActivity</arg>
<arg>automationName=Uiautomator2</arg>
</arguments>
<msg timestamp="20210613 17:51:13.931" level="TRACE">Arguments: [ 'http://localhost:4723/wd/hub' | platformName='Android' | deviceName='emulator-5554' | appPackage='chat21.android.demo' | appActivity='chat21.android.demo.SplashActivity' | automationName='Uiautomator2' ]</msg>
<msg timestamp="20210613 17:51:15.950" level="DEBUG">POST http://127.0.0.1:4723/wd/hub/session {"capabilities": {"firstMatch": [{"platformName": "Android", "appium:deviceName": "emulator-5554", "appium:appPackage": "chat21.android.demo", "appium:appActivity": "chat21.android.demo.SplashActivity", "appium:automationName": "Uiautomator2"}]}, "desiredCapabilities": {"platformName": "Android", "deviceName": "emulator-5554", "appPackage": "chat21.android.demo", "appActivity": "chat21.android.demo.SplashActivity", "automationName": "Uiautomator2"}}</msg>
<msg timestamp="20210613 17:51:15.963" level="DEBUG">Starting new HTTP connection (1): 127.0.0.1:4723</msg>
<msg timestamp="20210613 17:51:26.862" level="DEBUG">http://127.0.0.1:4723 "POST /wd/hub/session HTTP/1.1" 200 929</msg>
<msg timestamp="20210613 17:51:26.862" level="DEBUG">Finished Request</msg>
<msg timestamp="20210613 17:51:26.863" level="DEBUG">Opened application with session id fcc40f90-906a-41c1-85c5-d3dadc730e3d</msg>
<msg timestamp="20210613 17:51:26.863" level="TRACE">Return: 1</msg>
<status status="PASS" starttime="20210613 17:51:13.931" endtime="20210613 17:51:26.863"></status>
</kw>
<status status="PASS" starttime="20210613 17:51:13.931" endtime="20210613 17:51:26.864" critical="yes"></status>
</test>
<status status="PASS" starttime="20210613 17:51:13.704" endtime="20210613 17:51:26.865"></status>
</suite>
<statistics>
<total>
<stat pass="1" fail="0">Critical Tests</stat>
<stat pass="1" fail="0">All Tests</stat>
</total>
<tag>
</tag>
<suite>
<stat pass="1" fail="0" id="s1" name="openAPPTestCase1">openAPPTestCase1</stat>
</suite>
</statistics>
<errors>
</errors>
</robot>
